<?xml version="1.0" encoding="UTF-8"?>
<!-- Generated by org.testng.reporters.JUnitReportReporter -->
<testsuite hostname="vinpc" name="com.test.worldbankdata.WorldBankData" tests="3" failures="0" timestamp="11 Jul 2016 14:23:35 GMT" time="254.179" errors="0">
  <testcase name="testScriptext" time="91.376" classname="com.test.worldbankdata.WorldBankData"/>
  <testcase name="testScriptext" time="73.050" classname="com.test.worldbankdata.WorldBankData"/>
  <testcase name="testScriptext" time="89.753" classname="com.test.worldbankdata.WorldBankData"/>
</testsuite> <!-- com.test.worldbankdata.WorldBankData -->
